2023-03-02T18:22:19.6256898 404 : [{"timestamp":"2023-03-03T02:22:19.612+00:00","status":404,"error":"Not Found","message":"No message available","path":"/accounts/users"}]
2023-03-02T18:22:26.5920473 404 : [{"timestamp":"2023-03-03T02:22:26.590+00:00","status":404,"error":"Not Found","message":"No message available","path":"/accounts/users"}]
2023-03-02T18:22:30.1550362 404 : [{"timestamp":"2023-03-03T02:22:30.154+00:00","status":404,"error":"Not Found","message":"No message available","path":"/accounts/users"}]
2023-03-02T18:22:33.4991797 404 : [{"timestamp":"2023-03-03T02:22:33.497+00:00","status":404,"error":"Not Found","message":"No message available","path":"/accounts/users"}]
2023-03-02T18:22:35.4536093 404 : [{"timestamp":"2023-03-03T02:22:35.452+00:00","status":404,"error":"Not Found","message":"No message available","path":"/accounts/users"}]
2023-03-02T18:23:57.0129806 404 : [{"timestamp":"2023-03-03T02:23:57.001+00:00","status":404,"error":"Not Found","message":"No message available","path":"/accounts/users"}]
2023-03-02T18:24:10.0518352 404 : [{"timestamp":"2023-03-03T02:24:10.049+00:00","status":404,"error":"Not Found","message":"No message available","path":"/accounts/users"}]
2023-03-02T18:24:27.2549248 404 : [{"timestamp":"2023-03-03T02:24:27.243+00:00","status":404,"error":"Not Found","message":"No message available","path":"/accounts/users"}]
2023-03-02T18:24:29.2334687 404 : [{"timestamp":"2023-03-03T02:24:29.231+00:00","status":404,"error":"Not Found","message":"No message available","path":"/accounts/users"}]
2023-03-02T18:26:36.6585537 404 : [{"timestamp":"2023-03-03T02:26:36.643+00:00","status":404,"error":"Not Found","message":"No message available","path":"/accounts/1001"}]
2023-03-02T18:34:07.2145793 404 : [{"timestamp":"2023-03-03T02:34:07.204+00:00","status":404,"error":"Not Found","message":"No message available","path":"/accounts/1001"}]
2023-03-02T18:34:59.4830552 404 : [{"timestamp":"2023-03-03T02:34:59.471+00:00","status":404,"error":"Not Found","message":"No message available","path":"/accounts/1001"}]
2023-03-02T18:38:09.3627072 404 : [{"timestamp":"2023-03-03T02:38:09.351+00:00","status":404,"error":"Not Found","message":"No message available","path":"/accounts/1001"}]
2023-03-02T18:39:58.7523394 401 : [{"timestamp":"2023-03-03T02:39:58.728+00:00","status":401,"error":"Unauthorized","message":"Full authentication is required to access this resource","path":"/accounts"}]
2023-03-02T18:40:32.8344863 404 : [{"timestamp":"2023-03-03T02:40:32.823+00:00","status":404,"error":"Not Found","message":"No message available","path":"/accounts/1001"}]
2023-03-02T18:42:10.5040306 401 : [{"timestamp":"2023-03-03T02:42:10.487+00:00","status":401,"error":"Unauthorized","message":"Full authentication is required to access this resource","path":"/accounts/1001"}]
2023-03-02T18:44:36.8321176 401 : [{"timestamp":"2023-03-03T02:44:36.815+00:00","status":401,"error":"Unauthorized","message":"Full authentication is required to access this resource","path":"/accounts/1001"}]
2023-03-02T18:44:36.8366047 401 : [{"timestamp":"2023-03-03T02:44:36.834+00:00","status":401,"error":"Unauthorized","message":"Full authentication is required to access this resource","path":"/accounts/1004"}]
2023-03-02T18:44:36.8634765 401 : [no body]
2023-03-02T18:44:36.8674764 401 : [{"timestamp":"2023-03-03T02:44:36.866+00:00","status":401,"error":"Unauthorized","message":"Full authentication is required to access this resource","path":"/accounts/1001"}]
2023-03-02T18:44:36.8735148 401 : [no body]
2023-03-02T18:44:36.877515 401 : [{"timestamp":"2023-03-03T02:44:36.876+00:00","status":401,"error":"Unauthorized","message":"Full authentication is required to access this resource","path":"/accounts/1004"}]
2023-03-02T18:44:36.8825323 401 : [no body]
2023-03-02T18:48:42.4362886 401 : [no body]
2023-03-02T18:48:42.4489385 401 : [no body]
2023-03-02T18:48:42.4588219 401 : [no body]
2023-03-02T18:50:48.147098 401 : [no body]
2023-03-02T18:50:48.1576241 401 : [no body]
2023-03-02T18:50:48.1667317 401 : [no body]
2023-03-02T18:51:24.8610145 401 : [no body]
2023-03-02T18:51:24.871893 401 : [no body]
2023-03-02T18:51:24.8820742 401 : [no body]
2023-03-02T18:51:30.8887722 401 : [no body]
2023-03-02T18:51:30.8979227 401 : [no body]
2023-03-02T18:51:30.9066016 401 : [no body]
2023-03-02T18:54:10.1864405 401 : [no body]
2023-03-02T18:54:10.1979633 401 : [no body]
2023-03-02T18:54:10.2094828 401 : [no body]
2023-03-02T19:03:13.7532639 401 : [no body]
2023-03-02T19:03:13.7614459 401 : [no body]
2023-03-02T19:03:13.7684743 401 : [no body]
2023-03-02T19:04:19.7522309 401 : [no body]
2023-03-02T19:04:19.7597473 401 : [no body]
2023-03-02T19:04:19.7677787 401 : [no body]
2023-03-02T19:05:30.5139987 401 : [no body]
2023-03-02T19:05:30.5205155 401 : [no body]
2023-03-02T19:05:30.5280586 401 : [no body]
2023-03-02T19:08:14.1612975 401 : [no body]
2023-03-02T19:08:14.1733472 401 : [no body]
2023-03-02T19:08:14.1837258 401 : [no body]
